<?xml version="1.0" encoding="UTF-8"?>
<!-- Generated by org.testng.reporters.JUnitReportReporter -->
<testsuite hostname="DESKTOP-5BQEVTL" failures="0" tests="5" name="Test_2.Test_3" time="23.053" errors="0" timestamp="2022-08-15T18:11:31 IST" skipped="0">
  <testcase classname="Test_2.Test_3" name="Test_03" time="6.435"/>
  <system-out/>
  <testcase classname="Test_2.Test_3" name="Test_04" time="4.620"/>
  <system-out/>
  <testcase classname="Test_2.Test_3" name="Test_01" time="4.022"/>
  <system-out/>
  <testcase classname="Test_2.Test_3" name="Test_02" time="3.391"/>
  <system-out/>
  <testcase classname="Test_2.Test_3" name="Test_05" time="4.585"/>
  <system-out/>
</testsuite> <!-- Test_2.Test_3 -->
