<?xml version="1.0" encoding="UTF-8"?>
<!-- Generated by org.testng.reporters.JUnitReportReporter -->
<testsuite hostname="DESKTOP-5BQEVTL" failures="0" tests="8" name="Test_2.Test_7" time="0.008" errors="0" timestamp="2022-08-15T16:02:18 IST" skipped="0">
  <testcase classname="Test_2.Test_7" name="B" time="0.001"/>
  <system-out/>
  <testcase classname="Test_2.Test_7" name="D" time="0.001"/>
  <system-out/>
  <testcase classname="Test_2.Test_7" name="A" time="0.001"/>
  <system-out/>
  <testcase classname="Test_2.Test_7" name="A" time="0.001"/>
  <system-out/>
  <testcase classname="Test_2.Test_7" name="A" time="0.001"/>
  <system-out/>
  <testcase classname="Test_2.Test_7" name="C" time="0.001"/>
  <system-out/>
  <testcase classname="Test_2.Test_7" name="C" time="0.001"/>
  <system-out/>
  <testcase classname="Test_2.Test_7" name="C" time="0.001"/>
  <system-out/>
</testsuite> <!-- Test_2.Test_7 -->
