<?xml version="1.0" encoding="UTF-8"?>
<!-- Generated by org.testng.reporters.JUnitReportReporter -->
<testsuite hostname="DESKTOP-5BQEVTL" failures="0" tests="2" name="Test_2.Test_2" time="0.006" errors="0" timestamp="2022-08-15T16:02:18 IST" skipped="0">
  <testcase classname="Test_2.Test_2" name="Test_001" time="0.003"/>
  <system-out/>
  <testcase classname="Test_2.Test_2" name="Test_002" time="0.003"/>
  <system-out/>
</testsuite> <!-- Test_2.Test_2 -->
